2021-10-24 03:02:57.220 [INFO] Please input name of the disease you want to search:  
2021-10-24 03:03:19.177 [INFO] Alzheimer's
 
2021-10-24 03:03:19.178 [INFO] Please input count of papers you want to download:  
2021-10-24 03:03:22.873 [INFO] Downloading... Please wait... Expect to download 1 pages...
 
2021-10-24 03:03:22.874 [INFO] folder /Users/jiayili/go/src/GeneDetector 
2021-10-24 03:03:22.878 [INFO] Downloading page 1... 
2021-10-24 03:03:23.547 [INFO] Begin to write data line: 0 
2021-10-24 03:03:23.933 [INFO] Begin to write data line: 1 
2021-10-24 03:03:24.691 [INFO] Begin to write data line: 2 
2021-10-24 03:03:25.102 [INFO] Begin to write data line: 3 
2021-10-24 03:03:25.611 [INFO] Begin to write data line: 4 
2021-10-24 03:03:26.013 [INFO] Begin to write data line: 5 
2021-10-24 03:03:26.386 [INFO] Begin to write data line: 6 
2021-10-24 03:03:26.833 [INFO] Begin to write data line: 7 
2021-10-24 03:03:27.243 [INFO] Begin to write data line: 8 
2021-10-24 03:03:27.807 [INFO] Begin to write data line: 9 
2021-10-24 03:03:28.329 [INFO] 99999 
2021-10-24 03:03:28.329 [INFO] Task finished! 
2021-10-24 03:10:46.667 [INFO] Please input name of the disease you want to search:  
2021-10-24 03:10:55.554 [INFO] alzheimer's
 
2021-10-24 03:10:55.555 [INFO] Please input count of papers you want to download:  
2021-10-24 03:10:59.813 [INFO] Downloading... Please wait... Expect to download 1 pages...
 
2021-10-24 03:10:59.815 [INFO] folder /Users/jiayili/go/src/GeneDetector 
2021-10-24 03:10:59.816 [INFO] Downloading page 1... 
2021-10-24 03:11:00.590 [INFO] Begin to write data line: 0 
2021-10-24 08:38:05.003 [INFO] Please input name of the disease you want to search:  
2021-10-24 08:38:24.055 [INFO] Alzheimer's
 
2021-10-24 08:38:24.056 [INFO] Please input count of papers you want to download:  
2021-10-24 08:38:26.759 [INFO] Downloading... Please wait... Expect to download 1 pages...
 
2021-10-24 08:38:26.766 [INFO] folder /Users/jiayili/go/src/GeneDetector 
2021-10-24 08:38:26.767 [INFO] Downloading page 1... 
2021-10-24 08:38:27.599 [INFO] Begin to write data line: 0 
2021-10-24 08:40:44.661 [INFO] Please input name of the disease you want to search:  
2021-10-24 08:40:55.387 [INFO] Alzheimer's
 
2021-10-24 08:40:55.387 [INFO] Please input count of papers you want to download:  
2021-10-24 08:40:58.325 [INFO] Downloading... Please wait... Expect to download 1 pages...
 
2021-10-24 08:40:58.326 [INFO] folder /Users/jiayili/go/src/GeneDetector 
2021-10-24 08:40:58.326 [INFO] Downloading page 1... 
2021-10-24 08:40:58.980 [INFO] Begin to write data line: 0 
2021-10-24 08:40:59.350 [INFO] Begin to write data line: 1 
2021-10-24 08:40:59.982 [INFO] Begin to write data line: 2 
2021-10-24 08:41:00.602 [INFO] Begin to write data line: 3 
2021-10-24 08:41:00.998 [INFO] Begin to write data line: 4 
2021-10-24 08:41:01.383 [INFO] Begin to write data line: 5 
2021-10-24 08:41:01.743 [INFO] Begin to write data line: 6 
2021-10-24 08:41:02.364 [INFO] Begin to write data line: 7 
2021-10-24 08:41:02.769 [INFO] Begin to write data line: 8 
2021-10-24 08:41:03.244 [INFO] Begin to write data line: 9 
2021-10-24 08:41:03.634 [INFO] 99999 
2021-10-24 08:41:03.636 [INFO] Task finished! 
2021-10-24 08:42:20.744 [INFO] Please input name of the disease you want to search:  
2021-10-24 08:42:28.932 [INFO] Alzheimer's
 
2021-10-24 08:42:28.932 [INFO] Please input count of papers you want to download:  
2021-10-24 08:42:34.825 [INFO] Downloading... Please wait... Expect to download 1 pages...
 
2021-10-24 08:42:34.825 [INFO] folder /Users/jiayili/go/src/GeneDetector 
2021-10-24 08:42:34.826 [INFO] Downloading page 1... 
2021-10-24 08:42:35.616 [INFO] Begin to write data line: 0 
2021-10-24 08:42:36.020 [INFO] Begin to write data line: 1 
2021-10-24 08:42:36.468 [INFO] Begin to write data line: 2 
2021-10-24 08:42:36.971 [INFO] Begin to write data line: 3 
2021-10-24 08:42:37.365 [INFO] Begin to write data line: 4 
2021-10-24 08:42:37.776 [INFO] Begin to write data line: 5 
2021-10-24 08:42:38.379 [INFO] Begin to write data line: 6 
2021-10-24 08:42:38.812 [INFO] Begin to write data line: 7 
2021-10-24 08:42:39.313 [INFO] Begin to write data line: 8 
2021-10-24 08:42:39.779 [INFO] Begin to write data line: 9 
2021-10-24 08:42:40.374 [INFO] 99999 
2021-10-24 08:42:40.375 [INFO] Task finished! 
2021-10-24 08:47:10.249 [INFO] Please input name of the disease you want to search:  
2021-10-24 08:47:17.094 [INFO] Alzheimer's
 
2021-10-24 08:47:17.095 [INFO] Please input count of papers you want to download:  
2021-10-24 08:47:21.579 [INFO] Downloading... Please wait... Expect to download 5 pages...
 
2021-10-24 08:47:21.579 [INFO] folder /Users/jiayili/go/src/GeneDetector 
2021-10-24 08:47:21.580 [INFO] Downloading page 1... 
2021-10-24 08:47:22.397 [INFO] Begin to write data line: 0 
2021-10-24 08:47:22.825 [INFO] Begin to write data line: 1 
2021-10-24 08:47:23.277 [INFO] Begin to write data line: 2 
2021-10-24 08:47:23.786 [INFO] Begin to write data line: 3 
2021-10-24 08:47:24.295 [INFO] Begin to write data line: 4 
2021-10-24 08:47:24.700 [INFO] Begin to write data line: 5 
2021-10-24 08:47:25.116 [INFO] Begin to write data line: 6 
2021-10-24 08:47:25.520 [INFO] Begin to write data line: 7 
2021-10-24 08:47:25.930 [INFO] Begin to write data line: 8 
2021-10-24 08:47:26.455 [INFO] Begin to write data line: 9 
2021-10-24 08:47:26.856 [INFO] 1 
2021-10-24 08:47:27.422 [INFO] Begin to write data line: 0 
2021-10-24 08:47:27.882 [INFO] Begin to write data line: 1 
2021-10-24 08:47:28.397 [INFO] Begin to write data line: 2 
2021-10-24 08:47:28.829 [INFO] Begin to write data line: 3 
2021-10-24 08:47:29.313 [INFO] Begin to write data line: 4 
2021-10-24 08:47:29.714 [INFO] Begin to write data line: 5 
2021-10-24 08:47:30.174 [INFO] Begin to write data line: 6 
2021-10-24 08:47:30.697 [INFO] Begin to write data line: 7 
2021-10-24 08:47:31.151 [INFO] Begin to write data line: 8 
2021-10-24 08:47:31.677 [INFO] Begin to write data line: 9 
2021-10-24 08:47:32.562 [INFO] Begin to write data line: 0 
2021-10-24 08:47:32.975 [INFO] Begin to write data line: 1 
2021-10-24 08:47:33.485 [INFO] Begin to write data line: 2 
2021-10-24 08:47:33.932 [INFO] Begin to write data line: 3 
2021-10-24 08:47:34.450 [INFO] Begin to write data line: 4 
2021-10-24 08:47:34.838 [INFO] Begin to write data line: 5 
2021-10-24 08:47:35.352 [INFO] Begin to write data line: 6 
2021-10-24 08:47:35.907 [INFO] Begin to write data line: 7 
2021-10-24 08:47:36.276 [INFO] Begin to write data line: 8 
2021-10-24 08:47:36.669 [INFO] Begin to write data line: 9 
2021-10-24 08:47:37.583 [INFO] Begin to write data line: 0 
2021-10-24 08:47:38.251 [INFO] Begin to write data line: 1 
2021-10-24 08:47:38.742 [INFO] Begin to write data line: 2 
2021-10-24 08:47:39.072 [INFO] Begin to write data line: 3 
2021-10-24 08:47:39.455 [INFO] Begin to write data line: 4 
2021-10-24 08:47:39.986 [INFO] Begin to write data line: 5 
2021-10-24 08:47:40.432 [INFO] Begin to write data line: 6 
2021-10-24 08:47:40.877 [INFO] Begin to write data line: 7 
2021-10-24 08:47:41.268 [INFO] Begin to write data line: 8 
2021-10-24 08:47:41.637 [INFO] Begin to write data line: 9 
2021-10-24 08:47:42.679 [INFO] Begin to write data line: 0 
2021-10-24 08:47:43.076 [INFO] Begin to write data line: 1 
2021-10-24 08:47:43.439 [INFO] Begin to write data line: 2 
2021-10-24 08:47:44.384 [INFO] Begin to write data line: 3 
2021-10-24 08:47:44.721 [INFO] Begin to write data line: 4 
2021-10-24 08:47:45.193 [INFO] Begin to write data line: 5 
2021-10-24 08:47:45.534 [INFO] Begin to write data line: 6 
2021-10-24 08:47:45.877 [INFO] Begin to write data line: 7 
2021-10-24 08:47:46.184 [INFO] Begin to write data line: 8 
2021-10-24 08:47:47.088 [INFO] Begin to write data line: 9 
2021-10-24 08:47:47.539 [INFO] Task finished! 
2021-10-24 08:52:06.267 [INFO] Please input name of the disease you want to search:  
2021-10-24 08:52:16.158 [INFO] Alzheimer's
 
2021-10-24 08:52:16.159 [INFO] Please input count of papers you want to download:  
2021-10-24 08:52:18.558 [INFO] Downloading... Please wait... Expect to download 5 pages...
 
2021-10-24 08:52:18.558 [INFO] folder /Users/jiayili/go/src/GeneDetector 
2021-10-24 08:52:18.559 [INFO] Downloading page 1... 
2021-10-24 08:52:19.465 [INFO] Begin to write data line: 0 
2021-10-24 08:52:20.111 [INFO] Begin to write data line: 1 
2021-10-24 08:52:20.486 [INFO] Begin to write data line: 2 
2021-10-24 08:52:20.972 [INFO] Begin to write data line: 3 
2021-10-24 08:52:21.446 [INFO] Begin to write data line: 4 
2021-10-24 08:52:21.854 [INFO] Begin to write data line: 5 
2021-10-24 08:52:22.291 [INFO] Begin to write data line: 6 
2021-10-24 08:52:22.695 [INFO] Begin to write data line: 7 
2021-10-24 08:52:23.160 [INFO] Begin to write data line: 8 
2021-10-24 08:52:23.631 [INFO] Begin to write data line: 9 
2021-10-24 08:52:24.793 [INFO] Begin to write data line: 0 
2021-10-24 08:52:25.249 [INFO] Begin to write data line: 1 
2021-10-24 08:52:25.746 [INFO] Begin to write data line: 2 
2021-10-24 08:52:26.177 [INFO] Begin to write data line: 3 
2021-10-24 08:52:26.692 [INFO] Begin to write data line: 4 
2021-10-24 08:52:27.199 [INFO] Begin to write data line: 5 
2021-10-24 08:52:27.794 [INFO] Begin to write data line: 6 
2021-10-24 08:52:28.227 [INFO] Begin to write data line: 7 
2021-10-24 08:52:28.632 [INFO] Begin to write data line: 8 
2021-10-24 08:52:28.990 [INFO] Begin to write data line: 9 
2021-10-24 08:52:29.860 [INFO] Begin to write data line: 0 
2021-10-24 08:52:30.562 [INFO] Begin to write data line: 1 
2021-10-24 08:52:30.988 [INFO] Begin to write data line: 2 
2021-10-24 08:52:31.492 [INFO] Begin to write data line: 3 
2021-10-24 08:52:31.885 [INFO] Begin to write data line: 4 
2021-10-24 08:52:32.256 [INFO] Begin to write data line: 5 
2021-10-24 08:52:33.129 [INFO] Begin to write data line: 6 
2021-10-24 08:52:33.674 [INFO] Begin to write data line: 7 
2021-10-24 08:52:34.062 [INFO] Begin to write data line: 8 
2021-10-24 08:52:34.411 [INFO] Begin to write data line: 9 
2021-10-24 08:52:35.438 [INFO] Begin to write data line: 0 
2021-10-24 08:52:36.008 [INFO] Begin to write data line: 1 
2021-10-24 08:52:36.631 [INFO] Begin to write data line: 2 
2021-10-24 08:52:36.993 [INFO] Begin to write data line: 3 
2021-10-24 08:52:37.440 [INFO] Begin to write data line: 4 
2021-10-24 08:52:37.961 [INFO] Begin to write data line: 5 
2021-10-24 08:52:38.410 [INFO] Begin to write data line: 6 
2021-10-24 08:52:38.801 [INFO] Begin to write data line: 7 
2021-10-24 08:52:39.162 [INFO] Begin to write data line: 8 
2021-10-24 08:52:39.694 [INFO] Begin to write data line: 9 
2021-10-24 08:52:40.534 [INFO] Begin to write data line: 0 
2021-10-24 08:52:40.892 [INFO] Begin to write data line: 1 
2021-10-24 08:52:41.274 [INFO] Begin to write data line: 2 
2021-10-24 08:52:41.756 [INFO] Begin to write data line: 3 
2021-10-24 08:52:42.118 [INFO] Begin to write data line: 4 
2021-10-24 08:52:42.565 [INFO] Begin to write data line: 5 
2021-10-24 08:52:42.917 [INFO] Begin to write data line: 6 
2021-10-24 08:52:43.279 [INFO] Begin to write data line: 7 
2021-10-24 08:52:43.614 [INFO] Begin to write data line: 8 
2021-10-24 08:52:44.083 [INFO] Begin to write data line: 9 
2021-10-24 08:52:44.707 [INFO] Task finished! 
2021-10-24 08:53:44.558 [INFO] Please input name of the disease you want to search:  
2021-10-24 08:53:54.570 [INFO] Alzheimer's
 
2021-10-24 08:53:54.570 [INFO] Please input count of papers you want to download:  
2021-10-24 08:53:58.896 [INFO] Downloading... Please wait... Expect to download 5 pages...
 
2021-10-24 08:53:58.897 [INFO] folder /Users/jiayili/go/src/GeneDetector 
2021-10-24 08:53:58.898 [INFO] Downloading page 1... 
2021-10-24 08:53:59.643 [INFO] Begin to write data line: 0 
2021-10-24 08:54:00.038 [INFO] Begin to write data line: 1 
2021-10-24 08:54:00.539 [INFO] Begin to write data line: 2 
2021-10-24 08:54:00.977 [INFO] Begin to write data line: 3 
2021-10-24 08:54:01.387 [INFO] Begin to write data line: 4 
2021-10-24 08:54:01.791 [INFO] Begin to write data line: 5 
2021-10-24 08:54:02.325 [INFO] Begin to write data line: 6 
2021-10-24 08:54:02.841 [INFO] Begin to write data line: 7 
2021-10-24 08:54:03.245 [INFO] Begin to write data line: 8 
2021-10-24 08:54:03.769 [INFO] Begin to write data line: 9 
2021-10-24 08:54:04.523 [INFO] Begin to write data line: 0 
2021-10-24 08:54:04.900 [INFO] Begin to write data line: 1 
2021-10-24 08:54:05.350 [INFO] Begin to write data line: 2 
2021-10-24 08:54:07.366 [INFO] Begin to write data line: 3 
2021-10-24 08:54:07.859 [INFO] Begin to write data line: 4 
2021-10-24 08:54:08.487 [INFO] Begin to write data line: 5 
2021-10-24 08:54:08.951 [INFO] Begin to write data line: 6 
2021-10-24 08:54:09.430 [INFO] Begin to write data line: 7 
2021-10-24 08:54:09.950 [INFO] Begin to write data line: 8 
2021-10-24 08:54:10.388 [INFO] Begin to write data line: 9 
2021-10-24 08:54:11.755 [INFO] Begin to write data line: 0 
2021-10-24 08:54:12.479 [INFO] Begin to write data line: 1 
2021-10-24 08:54:13.315 [INFO] Begin to write data line: 2 
2021-10-24 08:54:13.910 [INFO] Begin to write data line: 3 
2021-10-24 08:54:14.342 [INFO] Begin to write data line: 4 
2021-10-24 08:54:14.819 [INFO] Begin to write data line: 5 
2021-10-24 08:54:15.262 [INFO] Begin to write data line: 6 
2021-10-24 08:54:15.989 [INFO] Begin to write data line: 7 
2021-10-24 08:54:16.368 [INFO] Begin to write data line: 8 
2021-10-24 08:54:16.861 [INFO] Begin to write data line: 9 
2021-10-24 08:54:18.253 [INFO] Begin to write data line: 0 
2021-10-24 08:54:18.816 [INFO] Begin to write data line: 1 
2021-10-24 08:54:19.344 [INFO] Begin to write data line: 2 
2021-10-24 08:54:19.838 [INFO] Begin to write data line: 3 
2021-10-24 08:54:20.506 [INFO] Begin to write data line: 4 
2021-10-24 08:54:21.272 [INFO] Begin to write data line: 5 
2021-10-24 08:54:22.098 [INFO] Begin to write data line: 6 
2021-10-24 08:54:22.526 [INFO] Begin to write data line: 7 
2021-10-24 08:54:22.897 [INFO] Begin to write data line: 8 
2021-10-24 08:54:23.319 [INFO] Begin to write data line: 9 
2021-10-24 08:54:24.188 [INFO] Begin to write data line: 0 
2021-10-24 08:54:24.855 [INFO] Begin to write data line: 1 
2021-10-24 08:54:25.574 [INFO] Begin to write data line: 2 
2021-10-24 08:54:26.062 [INFO] Begin to write data line: 3 
2021-10-24 08:54:26.399 [INFO] Begin to write data line: 4 
2021-10-24 08:54:26.883 [INFO] Begin to write data line: 5 
2021-10-24 08:54:27.317 [INFO] Begin to write data line: 6 
2021-10-24 08:54:27.661 [INFO] Begin to write data line: 7 
2021-10-24 08:54:28.064 [INFO] Begin to write data line: 8 
2021-10-24 08:54:28.524 [INFO] Begin to write data line: 9 
2021-10-24 08:54:29.158 [INFO] Task finished! 
2021-10-24 09:09:43.973 [INFO] Please input name of the disease you want to search:  
2021-10-24 09:09:49.930 [INFO] Alzheimer's
 
2021-10-24 09:09:49.930 [INFO] Please input count of papers you want to download:  
2021-10-24 09:09:52.938 [INFO] Downloading... Please wait... Expect to download 3 pages...
 
2021-10-24 09:09:52.938 [INFO] folder /Users/jiayili/go/src/GeneDetector 
2021-10-24 09:09:52.939 [INFO] Downloading page 1... 
2021-10-24 09:09:53.650 [INFO] Begin to write data line: 0 
2021-10-24 09:09:54.065 [INFO] Begin to write data line: 1 
2021-10-24 09:09:54.552 [INFO] Begin to write data line: 2 
2021-10-24 09:09:54.995 [INFO] Begin to write data line: 3 
2021-10-24 09:09:55.367 [INFO] Begin to write data line: 4 
2021-10-24 09:09:55.901 [INFO] Begin to write data line: 5 
2021-10-24 09:09:56.230 [INFO] Begin to write data line: 6 
2021-10-24 09:09:56.819 [INFO] Begin to write data line: 7 
2021-10-24 09:09:57.333 [INFO] Begin to write data line: 8 
2021-10-24 09:09:57.809 [INFO] Begin to write data line: 9 
2021-10-24 09:09:58.526 [INFO] Begin to write data line: 0 
2021-10-24 09:09:59.382 [INFO] Begin to write data line: 1 
2021-10-24 09:09:59.914 [INFO] Begin to write data line: 2 
2021-10-24 09:10:00.334 [INFO] Begin to write data line: 3 
2021-10-24 09:10:00.739 [INFO] Begin to write data line: 4 
2021-10-24 09:10:01.234 [INFO] Begin to write data line: 5 
2021-10-24 09:10:01.836 [INFO] Begin to write data line: 6 
2021-10-24 09:10:02.403 [INFO] Begin to write data line: 7 
2021-10-24 09:10:02.856 [INFO] Begin to write data line: 8 
2021-10-24 09:10:03.258 [INFO] Begin to write data line: 9 
2021-10-24 09:10:04.190 [INFO] Begin to write data line: 0 
2021-10-24 09:10:04.537 [INFO] Begin to write data line: 1 
2021-10-24 09:10:04.934 [INFO] Begin to write data line: 2 
2021-10-24 09:10:05.410 [INFO] Begin to write data line: 3 
2021-10-24 09:10:05.840 [INFO] Begin to write data line: 4 
2021-10-24 09:10:06.180 [INFO] Begin to write data line: 5 
2021-10-24 09:10:06.776 [INFO] Begin to write data line: 6 
2021-10-24 09:10:07.626 [INFO] Begin to write data line: 7 
2021-10-24 09:10:08.045 [INFO] Begin to write data line: 8 
2021-10-24 09:10:08.701 [INFO] Begin to write data line: 9 
2021-10-24 09:10:09.147 [INFO] Task finished! 
2021-10-24 09:38:37.776 [INFO] Please input name of the disease you want to search:  
2021-10-24 09:38:41.422 [INFO] 30
 
2021-10-24 09:38:41.422 [INFO] Please input count of papers you want to download:  
2021-10-24 09:39:10.911 [INFO] Please input name of the disease you want to search:  
2021-10-24 09:39:26.565 [INFO] Alzheimer's
 
2021-10-24 09:39:26.567 [INFO] Please input count of papers you want to download:  
2021-10-24 09:39:28.273 [INFO] Downloading... Please wait... Expect to download 3 pages...
 
2021-10-24 09:39:28.273 [INFO] folder /Users/jiayili/go/src/GeneDetector 
2021-10-24 09:39:28.274 [INFO] Downloading page 1... 
2021-10-24 09:39:29.063 [INFO] Begin to write data line: 0 
2021-10-24 09:39:29.471 [INFO] Begin to write data line: 1 
2021-10-24 09:39:29.892 [INFO] Begin to write data line: 2 
2021-10-24 09:39:30.368 [INFO] Begin to write data line: 3 
2021-10-24 09:39:30.741 [INFO] Begin to write data line: 4 
2021-10-24 09:39:31.175 [INFO] Begin to write data line: 5 
2021-10-24 09:39:31.569 [INFO] Begin to write data line: 6 
2021-10-24 09:39:32.161 [INFO] Begin to write data line: 7 
2021-10-24 09:39:32.648 [INFO] Begin to write data line: 8 
2021-10-24 09:39:33.158 [INFO] Begin to write data line: 9 
2021-10-24 09:39:34.086 [INFO] Begin to write data line: 0 
2021-10-24 09:39:34.589 [INFO] Begin to write data line: 1 
2021-10-24 09:39:35.115 [INFO] Begin to write data line: 2 
2021-10-24 09:39:35.535 [INFO] Begin to write data line: 3 
2021-10-24 09:39:35.989 [INFO] Begin to write data line: 4 
2021-10-24 09:39:36.439 [INFO] Begin to write data line: 5 
2021-10-24 09:39:36.898 [INFO] Begin to write data line: 6 
2021-10-24 09:39:37.286 [INFO] Begin to write data line: 7 
2021-10-24 09:39:37.763 [INFO] Begin to write data line: 8 
2021-10-24 09:39:38.222 [INFO] Begin to write data line: 9 
2021-10-24 09:39:39.220 [INFO] Begin to write data line: 0 
2021-10-24 09:39:39.715 [INFO] Begin to write data line: 1 
2021-10-24 09:39:40.211 [INFO] Begin to write data line: 2 
2021-10-24 09:39:40.586 [INFO] Begin to write data line: 3 
2021-10-24 09:39:41.014 [INFO] Begin to write data line: 4 
2021-10-24 09:39:41.413 [INFO] Begin to write data line: 5 
2021-10-24 09:39:41.993 [INFO] Begin to write data line: 6 
2021-10-24 09:39:42.502 [INFO] Begin to write data line: 7 
2021-10-24 09:39:42.842 [INFO] Begin to write data line: 8 
2021-10-24 09:39:43.396 [INFO] Begin to write data line: 9 
2021-10-24 09:39:44.125 [INFO] Task finished! 
